2024-07-05 16:51:42.6937|INFO|Microsoft.AspNetCore.Hosting.Diagnostics|Request starting HTTP/1.1 GET http://localhost:29346/Users - - -
2024-07-05 16:51:42.6937|TRACE|Microsoft.AspNetCore.HostFiltering.HostFilteringMiddleware|All hosts are allowed.
2024-07-05 16:51:42.7038|DEBUG|Microsoft.AspNetCore.Routing.Matching.DfaMatcher|1 candidate(s) found for the request path '/Users'
2024-07-05 16:51:42.7038|DEBUG|Microsoft.AspNetCore.Routing.Matching.DfaMatcher|Endpoint 'ApiDevBP.Api.Controllers.UsersController.GetUsers (ApiDevBP.Api)' with route pattern 'Users' is valid for the request path '/Users'
2024-07-05 16:51:42.7038|DEBUG|Microsoft.AspNetCore.Routing.EndpointRoutingMiddleware|Request matched endpoint 'ApiDevBP.Api.Controllers.UsersController.GetUsers (ApiDevBP.Api)'
2024-07-05 16:51:42.7149|TRACE|Microsoft.AspNetCore.Routing.EndpointRoutingMiddleware|The endpoint does not specify the IRequestSizeLimitMetadata.
2024-07-05 16:51:42.7149|DEBUG|Microsoft.AspNetCore.StaticFiles.StaticFileMiddleware|Static files was skipped as the request already matched an endpoint.
2024-07-05 16:51:42.7149|WARN|Microsoft.AspNetCore.HttpsPolicy.HttpsRedirectionMiddleware|Failed to determine the https port for redirect.
2024-07-05 16:51:42.7311|INFO|Microsoft.AspNetCore.Routing.EndpointMiddleware|Executing endpoint 'ApiDevBP.Api.Controllers.UsersController.GetUsers (ApiDevBP.Api)'
2024-07-05 16:51:42.7546|INFO|Microsoft.AspNetCore.Mvc.Infrastructure.ControllerActionInvoker|Route matched with {action = "GetUsers", controller = "Users"}. Executing controller action with signature System.Threading.Tasks.Task`1[Microsoft.AspNetCore.Mvc.IActionResult] GetUsers() on controller ApiDevBP.Api.Controllers.UsersController (ApiDevBP.Api).
2024-07-05 16:51:42.7546|DEBUG|Microsoft.AspNetCore.Mvc.Infrastructure.ControllerActionInvoker|Execution plan of authorization filters (in the following order): None
2024-07-05 16:51:42.7546|DEBUG|Microsoft.AspNetCore.Mvc.Infrastructure.ControllerActionInvoker|Execution plan of resource filters (in the following order): None
2024-07-05 16:51:42.7618|DEBUG|Microsoft.AspNetCore.Mvc.Infrastructure.ControllerActionInvoker|Execution plan of action filters (in the following order): Microsoft.AspNetCore.Mvc.Filters.ControllerActionFilter (Order: -2147483648), Microsoft.AspNetCore.Mvc.ModelBinding.UnsupportedContentTypeFilter (Order: -3000), Microsoft.AspNetCore.Mvc.Infrastructure.ModelStateInvalidFilter (Order: -2000)
2024-07-05 16:51:42.7618|DEBUG|Microsoft.AspNetCore.Mvc.Infrastructure.ControllerActionInvoker|Execution plan of exception filters (in the following order): None
2024-07-05 16:51:42.7618|DEBUG|Microsoft.AspNetCore.Mvc.Infrastructure.ControllerActionInvoker|Execution plan of result filters (in the following order): Microsoft.AspNetCore.Mvc.Infrastructure.ClientErrorResultFilter (Order: -2000)
2024-07-05 16:51:42.7618|DEBUG|Microsoft.AspNetCore.Mvc.Infrastructure.ControllerActionInvoker|Executing controller factory for controller ApiDevBP.Api.Controllers.UsersController (ApiDevBP.Api)
2024-07-05 16:51:42.9718|DEBUG|Microsoft.AspNetCore.Mvc.Infrastructure.ControllerActionInvoker|Executed controller factory for controller ApiDevBP.Api.Controllers.UsersController (ApiDevBP.Api)
2024-07-05 16:51:42.9718|TRACE|Microsoft.AspNetCore.Mvc.Infrastructure.ControllerActionInvoker|Action Filter: Before executing OnActionExecutionAsync on filter Microsoft.AspNetCore.Mvc.Filters.ControllerActionFilter.
2024-07-05 16:51:42.9718|TRACE|Microsoft.AspNetCore.Mvc.Infrastructure.ControllerActionInvoker|Action Filter: Before executing OnActionExecuting on filter Microsoft.AspNetCore.Mvc.ModelBinding.UnsupportedContentTypeFilter.
2024-07-05 16:51:42.9718|TRACE|Microsoft.AspNetCore.Mvc.Infrastructure.ControllerActionInvoker|Action Filter: After executing OnActionExecuting on filter Microsoft.AspNetCore.Mvc.ModelBinding.UnsupportedContentTypeFilter.
2024-07-05 16:51:42.9718|TRACE|Microsoft.AspNetCore.Mvc.Infrastructure.ControllerActionInvoker|Action Filter: Before executing OnActionExecuting on filter Microsoft.AspNetCore.Mvc.Infrastructure.ModelStateInvalidFilter.
2024-07-05 16:51:42.9718|TRACE|Microsoft.AspNetCore.Mvc.Infrastructure.ControllerActionInvoker|Action Filter: After executing OnActionExecuting on filter Microsoft.AspNetCore.Mvc.Infrastructure.ModelStateInvalidFilter.
2024-07-05 16:51:42.9832|INFO|Microsoft.AspNetCore.Mvc.Infrastructure.ControllerActionInvoker|Executing action method ApiDevBP.Api.Controllers.UsersController.GetUsers (ApiDevBP.Api) - Validation state: Valid
2024-07-05 16:51:42.9832|INFO|Microsoft.AspNetCore.Mvc.Infrastructure.ControllerActionInvoker|Executed action method ApiDevBP.Api.Controllers.UsersController.GetUsers (ApiDevBP.Api), returned result Microsoft.AspNetCore.Mvc.OkObjectResult in 3.1376ms.
2024-07-05 16:51:42.9832|TRACE|Microsoft.AspNetCore.Mvc.Infrastructure.ControllerActionInvoker|Action Filter: Before executing OnActionExecuted on filter Microsoft.AspNetCore.Mvc.Infrastructure.ModelStateInvalidFilter.
2024-07-05 16:51:42.9832|TRACE|Microsoft.AspNetCore.Mvc.Infrastructure.ControllerActionInvoker|Action Filter: After executing OnActionExecuted on filter Microsoft.AspNetCore.Mvc.Infrastructure.ModelStateInvalidFilter.
2024-07-05 16:51:42.9832|TRACE|Microsoft.AspNetCore.Mvc.Infrastructure.ControllerActionInvoker|Action Filter: Before executing OnActionExecuted on filter Microsoft.AspNetCore.Mvc.ModelBinding.UnsupportedContentTypeFilter.
2024-07-05 16:51:42.9832|TRACE|Microsoft.AspNetCore.Mvc.Infrastructure.ControllerActionInvoker|Action Filter: After executing OnActionExecuted on filter Microsoft.AspNetCore.Mvc.ModelBinding.UnsupportedContentTypeFilter.
2024-07-05 16:51:42.9832|TRACE|Microsoft.AspNetCore.Mvc.Infrastructure.ControllerActionInvoker|Action Filter: After executing OnActionExecutionAsync on filter Microsoft.AspNetCore.Mvc.Filters.ControllerActionFilter.
2024-07-05 16:51:42.9968|TRACE|Microsoft.AspNetCore.Mvc.Infrastructure.ControllerActionInvoker|Result Filter: Before executing OnResultExecuting on filter Microsoft.AspNetCore.Mvc.Infrastructure.ClientErrorResultFilter.
2024-07-05 16:51:42.9968|TRACE|Microsoft.AspNetCore.Mvc.Infrastructure.ControllerActionInvoker|Result Filter: After executing OnResultExecuting on filter Microsoft.AspNetCore.Mvc.Infrastructure.ClientErrorResultFilter.
2024-07-05 16:51:42.9968|TRACE|Microsoft.AspNetCore.Mvc.Infrastructure.ControllerActionInvoker|Before executing action result Microsoft.AspNetCore.Mvc.OkObjectResult.
2024-07-05 16:51:42.9968|DEBUG|Microsoft.AspNetCore.Mvc.Infrastructure.DefaultOutputFormatterSelector|List of registered output formatters, in the following order: Microsoft.AspNetCore.Mvc.Formatters.HttpNoContentOutputFormatter, Microsoft.AspNetCore.Mvc.Formatters.StringOutputFormatter, Microsoft.AspNetCore.Mvc.Formatters.StreamOutputFormatter, Microsoft.AspNetCore.Mvc.Formatters.SystemTextJsonOutputFormatter
2024-07-05 16:51:42.9968|DEBUG|Microsoft.AspNetCore.Mvc.Infrastructure.DefaultOutputFormatterSelector|No information found on request to perform content negotiation.
2024-07-05 16:51:42.9968|DEBUG|Microsoft.AspNetCore.Mvc.Infrastructure.DefaultOutputFormatterSelector|Attempting to select an output formatter without using a content type as no explicit content types were specified for the response.
2024-07-05 16:51:42.9968|DEBUG|Microsoft.AspNetCore.Mvc.Infrastructure.DefaultOutputFormatterSelector|Attempting to select the first formatter in the output formatters list which can write the result.
2024-07-05 16:51:42.9968|DEBUG|Microsoft.AspNetCore.Mvc.Infrastructure.DefaultOutputFormatterSelector|Selected output formatter 'Microsoft.AspNetCore.Mvc.Formatters.SystemTextJsonOutputFormatter' and content type 'application/json' to write the response.
2024-07-05 16:51:42.9968|INFO|Microsoft.AspNetCore.Mvc.Infrastructure.ObjectResultExecutor|Executing OkObjectResult, writing value of type 'System.Collections.Generic.List`1[[ApiDevBP.Core.Domain.UserDomain, ApiDevBP.Core, Version=1.0.0.0, Culture=neutral, PublicKeyToken=null]]'.
2024-07-05 16:51:43.0144|TRACE|Microsoft.AspNetCore.Mvc.Infrastructure.ControllerActionInvoker|After executing action result Microsoft.AspNetCore.Mvc.OkObjectResult.
2024-07-05 16:51:43.0144|TRACE|Microsoft.AspNetCore.Mvc.Infrastructure.ControllerActionInvoker|Result Filter: Before executing OnResultExecuted on filter Microsoft.AspNetCore.Mvc.Infrastructure.ClientErrorResultFilter.
2024-07-05 16:51:43.0144|TRACE|Microsoft.AspNetCore.Mvc.Infrastructure.ControllerActionInvoker|Result Filter: After executing OnResultExecuted on filter Microsoft.AspNetCore.Mvc.Infrastructure.ClientErrorResultFilter.
2024-07-05 16:51:43.0144|INFO|Microsoft.AspNetCore.Mvc.Infrastructure.ControllerActionInvoker|Executed action ApiDevBP.Api.Controllers.UsersController.GetUsers (ApiDevBP.Api) in 253.4523ms
2024-07-05 16:51:43.0144|INFO|Microsoft.AspNetCore.Routing.EndpointMiddleware|Executed endpoint 'ApiDevBP.Api.Controllers.UsersController.GetUsers (ApiDevBP.Api)'
2024-07-05 16:51:43.0144|INFO|Microsoft.AspNetCore.Hosting.Diagnostics|Request finished HTTP/1.1 GET http://localhost:29346/Users - 200 - application/json;+charset=utf-8 328.5106ms
2024-07-05 16:52:49.6504|INFO|Microsoft.AspNetCore.Hosting.Diagnostics|Request starting HTTP/1.1 PUT http://localhost:29346/Users/1 - application/json 45
2024-07-05 16:52:49.6545|TRACE|Microsoft.AspNetCore.HostFiltering.HostFilteringMiddleware|All hosts are allowed.
2024-07-05 16:52:49.6545|DEBUG|Microsoft.AspNetCore.Routing.Matching.DfaMatcher|1 candidate(s) found for the request path '/Users/1'
2024-07-05 16:52:49.6545|DEBUG|Microsoft.AspNetCore.Routing.Matching.DfaMatcher|Endpoint 'ApiDevBP.Api.Controllers.UsersController.UpdateUser (ApiDevBP.Api)' with route pattern 'Users/{id}' is valid for the request path '/Users/1'
2024-07-05 16:52:49.6545|DEBUG|Microsoft.AspNetCore.Routing.EndpointRoutingMiddleware|Request matched endpoint 'ApiDevBP.Api.Controllers.UsersController.UpdateUser (ApiDevBP.Api)'
2024-07-05 16:52:49.6682|TRACE|Microsoft.AspNetCore.Routing.EndpointRoutingMiddleware|The endpoint does not specify the IRequestSizeLimitMetadata.
2024-07-05 16:52:49.6682|DEBUG|Microsoft.AspNetCore.StaticFiles.StaticFileMiddleware|Static files was skipped as the request already matched an endpoint.
2024-07-05 16:52:49.6682|DEBUG|Microsoft.AspNetCore.Cors.Infrastructure.CorsService|The request has an origin header: 'http://localhost:29346'.
2024-07-05 16:52:49.6682|INFO|Microsoft.AspNetCore.Cors.Infrastructure.CorsService|CORS policy execution successful.
2024-07-05 16:52:49.6682|INFO|Microsoft.AspNetCore.Routing.EndpointMiddleware|Executing endpoint 'ApiDevBP.Api.Controllers.UsersController.UpdateUser (ApiDevBP.Api)'
2024-07-05 16:52:49.6682|INFO|Microsoft.AspNetCore.Mvc.Infrastructure.ControllerActionInvoker|Route matched with {action = "UpdateUser", controller = "Users"}. Executing controller action with signature System.Threading.Tasks.Task`1[Microsoft.AspNetCore.Mvc.IActionResult] UpdateUser(Int32, ApiDevBP.Contract.DTO.UserDTO) on controller ApiDevBP.Api.Controllers.UsersController (ApiDevBP.Api).
2024-07-05 16:52:49.6832|DEBUG|Microsoft.AspNetCore.Mvc.Infrastructure.ControllerActionInvoker|Execution plan of authorization filters (in the following order): None
2024-07-05 16:52:49.6832|DEBUG|Microsoft.AspNetCore.Mvc.Infrastructure.ControllerActionInvoker|Execution plan of resource filters (in the following order): None
2024-07-05 16:52:49.6832|DEBUG|Microsoft.AspNetCore.Mvc.Infrastructure.ControllerActionInvoker|Execution plan of action filters (in the following order): Microsoft.AspNetCore.Mvc.Filters.ControllerActionFilter (Order: -2147483648), Microsoft.AspNetCore.Mvc.ModelBinding.UnsupportedContentTypeFilter (Order: -3000), Microsoft.AspNetCore.Mvc.Infrastructure.ModelStateInvalidFilter (Order: -2000)
2024-07-05 16:52:49.6832|DEBUG|Microsoft.AspNetCore.Mvc.Infrastructure.ControllerActionInvoker|Execution plan of exception filters (in the following order): None
2024-07-05 16:52:49.6832|DEBUG|Microsoft.AspNetCore.Mvc.Infrastructure.ControllerActionInvoker|Execution plan of result filters (in the following order): Microsoft.AspNetCore.Mvc.Infrastructure.ClientErrorResultFilter (Order: -2000)
2024-07-05 16:52:49.6832|DEBUG|Microsoft.AspNetCore.Mvc.Infrastructure.ControllerActionInvoker|Executing controller factory for controller ApiDevBP.Api.Controllers.UsersController (ApiDevBP.Api)
2024-07-05 16:52:49.6832|DEBUG|Microsoft.AspNetCore.Mvc.Infrastructure.ControllerActionInvoker|Executed controller factory for controller ApiDevBP.Api.Controllers.UsersController (ApiDevBP.Api)
2024-07-05 16:52:49.6832|DEBUG|Microsoft.AspNetCore.Mvc.ModelBinding.ParameterBinder|Attempting to bind parameter 'id' of type 'System.Int32' ...
2024-07-05 16:52:49.7014|DEBUG|Microsoft.AspNetCore.Mvc.ModelBinding.Binders.SimpleTypeModelBinder|Attempting to bind parameter 'id' of type 'System.Int32' using the name 'id' in request data ...
2024-07-05 16:52:49.7014|DEBUG|Microsoft.AspNetCore.Mvc.ModelBinding.Binders.SimpleTypeModelBinder|Done attempting to bind parameter 'id' of type 'System.Int32'.
2024-07-05 16:52:49.7014|DEBUG|Microsoft.AspNetCore.Mvc.ModelBinding.ParameterBinder|Done attempting to bind parameter 'id' of type 'System.Int32'.
2024-07-05 16:52:49.7014|DEBUG|Microsoft.AspNetCore.Mvc.ModelBinding.ParameterBinder|Attempting to validate the bound parameter 'id' of type 'System.Int32' ...
2024-07-05 16:52:49.7014|DEBUG|Microsoft.AspNetCore.Mvc.ModelBinding.ParameterBinder|Done attempting to validate the bound parameter 'id' of type 'System.Int32'.
2024-07-05 16:52:49.7014|DEBUG|Microsoft.AspNetCore.Mvc.ModelBinding.ParameterBinder|Attempting to bind parameter 'userDto' of type 'ApiDevBP.Contract.DTO.UserDTO' ...
2024-07-05 16:52:49.7014|DEBUG|Microsoft.AspNetCore.Mvc.ModelBinding.Binders.BodyModelBinder|Attempting to bind parameter 'userDto' of type 'ApiDevBP.Contract.DTO.UserDTO' using the name '' in request data ...
2024-07-05 16:52:49.7014|DEBUG|Microsoft.AspNetCore.Mvc.ModelBinding.Binders.BodyModelBinder|Selected input formatter 'Microsoft.AspNetCore.Mvc.Formatters.SystemTextJsonInputFormatter' for content type 'application/json'.
2024-07-05 16:52:49.7224|DEBUG|Microsoft.AspNetCore.Mvc.Formatters.SystemTextJsonInputFormatter|JSON input formatter succeeded, deserializing to type 'ApiDevBP.Contract.DTO.UserDTO'
2024-07-05 16:52:49.7224|DEBUG|Microsoft.AspNetCore.Mvc.ModelBinding.Binders.BodyModelBinder|Done attempting to bind parameter 'userDto' of type 'ApiDevBP.Contract.DTO.UserDTO'.
2024-07-05 16:52:49.7224|DEBUG|Microsoft.AspNetCore.Mvc.ModelBinding.ParameterBinder|Done attempting to bind parameter 'userDto' of type 'ApiDevBP.Contract.DTO.UserDTO'.
2024-07-05 16:52:49.7224|DEBUG|Microsoft.AspNetCore.Mvc.ModelBinding.ParameterBinder|Attempting to validate the bound parameter 'userDto' of type 'ApiDevBP.Contract.DTO.UserDTO' ...
2024-07-05 16:52:49.7335|DEBUG|Microsoft.AspNetCore.Mvc.ModelBinding.ParameterBinder|Done attempting to validate the bound parameter 'userDto' of type 'ApiDevBP.Contract.DTO.UserDTO'.
2024-07-05 16:52:49.7335|TRACE|Microsoft.AspNetCore.Mvc.Infrastructure.ControllerActionInvoker|Action Filter: Before executing OnActionExecutionAsync on filter Microsoft.AspNetCore.Mvc.Filters.ControllerActionFilter.
2024-07-05 16:52:49.7335|TRACE|Microsoft.AspNetCore.Mvc.Infrastructure.ControllerActionInvoker|Action Filter: Before executing OnActionExecuting on filter Microsoft.AspNetCore.Mvc.ModelBinding.UnsupportedContentTypeFilter.
2024-07-05 16:52:49.7335|TRACE|Microsoft.AspNetCore.Mvc.Infrastructure.ControllerActionInvoker|Action Filter: After executing OnActionExecuting on filter Microsoft.AspNetCore.Mvc.ModelBinding.UnsupportedContentTypeFilter.
2024-07-05 16:52:49.7335|TRACE|Microsoft.AspNetCore.Mvc.Infrastructure.ControllerActionInvoker|Action Filter: Before executing OnActionExecuting on filter Microsoft.AspNetCore.Mvc.Infrastructure.ModelStateInvalidFilter.
2024-07-05 16:52:49.7335|TRACE|Microsoft.AspNetCore.Mvc.Infrastructure.ControllerActionInvoker|Action Filter: After executing OnActionExecuting on filter Microsoft.AspNetCore.Mvc.Infrastructure.ModelStateInvalidFilter.
2024-07-05 16:52:49.7335|INFO|Microsoft.AspNetCore.Mvc.Infrastructure.ControllerActionInvoker|Executing action method ApiDevBP.Api.Controllers.UsersController.UpdateUser (ApiDevBP.Api) - Validation state: Valid
2024-07-05 16:52:49.7335|TRACE|Microsoft.AspNetCore.Mvc.Infrastructure.ControllerActionInvoker|Executing action method ApiDevBP.Api.Controllers.UsersController.UpdateUser (ApiDevBP.Api) with arguments (1, ApiDevBP.Contract.DTO.UserDTO)
2024-07-05 16:52:49.7593|INFO|Microsoft.AspNetCore.Mvc.Infrastructure.ControllerActionInvoker|Executed action method ApiDevBP.Api.Controllers.UsersController.UpdateUser (ApiDevBP.Api), returned result Microsoft.AspNetCore.Mvc.OkObjectResult in 19.9742ms.
2024-07-05 16:52:49.7622|TRACE|Microsoft.AspNetCore.Mvc.Infrastructure.ControllerActionInvoker|Action Filter: Before executing OnActionExecuted on filter Microsoft.AspNetCore.Mvc.Infrastructure.ModelStateInvalidFilter.
2024-07-05 16:52:49.7622|TRACE|Microsoft.AspNetCore.Mvc.Infrastructure.ControllerActionInvoker|Action Filter: After executing OnActionExecuted on filter Microsoft.AspNetCore.Mvc.Infrastructure.ModelStateInvalidFilter.
2024-07-05 16:52:49.7622|TRACE|Microsoft.AspNetCore.Mvc.Infrastructure.ControllerActionInvoker|Action Filter: Before executing OnActionExecuted on filter Microsoft.AspNetCore.Mvc.ModelBinding.UnsupportedContentTypeFilter.
2024-07-05 16:52:49.7622|TRACE|Microsoft.AspNetCore.Mvc.Infrastructure.ControllerActionInvoker|Action Filter: After executing OnActionExecuted on filter Microsoft.AspNetCore.Mvc.ModelBinding.UnsupportedContentTypeFilter.
2024-07-05 16:52:49.7622|TRACE|Microsoft.AspNetCore.Mvc.Infrastructure.ControllerActionInvoker|Action Filter: After executing OnActionExecutionAsync on filter Microsoft.AspNetCore.Mvc.Filters.ControllerActionFilter.
2024-07-05 16:52:49.7622|TRACE|Microsoft.AspNetCore.Mvc.Infrastructure.ControllerActionInvoker|Result Filter: Before executing OnResultExecuting on filter Microsoft.AspNetCore.Mvc.Infrastructure.ClientErrorResultFilter.
2024-07-05 16:52:49.7622|TRACE|Microsoft.AspNetCore.Mvc.Infrastructure.ControllerActionInvoker|Result Filter: After executing OnResultExecuting on filter Microsoft.AspNetCore.Mvc.Infrastructure.ClientErrorResultFilter.
2024-07-05 16:52:49.7622|TRACE|Microsoft.AspNetCore.Mvc.Infrastructure.ControllerActionInvoker|Before executing action result Microsoft.AspNetCore.Mvc.OkObjectResult.
2024-07-05 16:52:49.7622|DEBUG|Microsoft.AspNetCore.Mvc.Infrastructure.DefaultOutputFormatterSelector|List of registered output formatters, in the following order: Microsoft.AspNetCore.Mvc.Formatters.HttpNoContentOutputFormatter, Microsoft.AspNetCore.Mvc.Formatters.StringOutputFormatter, Microsoft.AspNetCore.Mvc.Formatters.StreamOutputFormatter, Microsoft.AspNetCore.Mvc.Formatters.SystemTextJsonOutputFormatter
2024-07-05 16:52:49.7622|DEBUG|Microsoft.AspNetCore.Mvc.Infrastructure.DefaultOutputFormatterSelector|No information found on request to perform content negotiation.
2024-07-05 16:52:49.7622|DEBUG|Microsoft.AspNetCore.Mvc.Infrastructure.DefaultOutputFormatterSelector|Attempting to select an output formatter without using a content type as no explicit content types were specified for the response.
2024-07-05 16:52:49.7781|DEBUG|Microsoft.AspNetCore.Mvc.Infrastructure.DefaultOutputFormatterSelector|Attempting to select the first formatter in the output formatters list which can write the result.
2024-07-05 16:52:49.7781|DEBUG|Microsoft.AspNetCore.Mvc.Infrastructure.DefaultOutputFormatterSelector|Selected output formatter 'Microsoft.AspNetCore.Mvc.Formatters.SystemTextJsonOutputFormatter' and content type 'application/json' to write the response.
2024-07-05 16:52:49.7781|INFO|Microsoft.AspNetCore.Mvc.Infrastructure.ObjectResultExecutor|Executing OkObjectResult, writing value of type 'ApiDevBP.Core.Domain.UserDomain'.
2024-07-05 16:52:49.7781|TRACE|Microsoft.AspNetCore.Mvc.Infrastructure.ControllerActionInvoker|After executing action result Microsoft.AspNetCore.Mvc.OkObjectResult.
2024-07-05 16:52:49.7781|TRACE|Microsoft.AspNetCore.Mvc.Infrastructure.ControllerActionInvoker|Result Filter: Before executing OnResultExecuted on filter Microsoft.AspNetCore.Mvc.Infrastructure.ClientErrorResultFilter.
2024-07-05 16:52:49.7781|TRACE|Microsoft.AspNetCore.Mvc.Infrastructure.ControllerActionInvoker|Result Filter: After executing OnResultExecuted on filter Microsoft.AspNetCore.Mvc.Infrastructure.ClientErrorResultFilter.
2024-07-05 16:52:49.7781|INFO|Microsoft.AspNetCore.Mvc.Infrastructure.ControllerActionInvoker|Executed action ApiDevBP.Api.Controllers.UsersController.UpdateUser (ApiDevBP.Api) in 101.9085ms
2024-07-05 16:52:49.7781|INFO|Microsoft.AspNetCore.Routing.EndpointMiddleware|Executed endpoint 'ApiDevBP.Api.Controllers.UsersController.UpdateUser (ApiDevBP.Api)'
2024-07-05 16:52:49.7781|INFO|Microsoft.AspNetCore.Hosting.Diagnostics|Request finished HTTP/1.1 PUT http://localhost:29346/Users/1 - 200 - application/json;+charset=utf-8 138.2824ms
2024-07-05 16:56:15.2632|INFO|Microsoft.AspNetCore.Hosting.Diagnostics|Request starting HTTP/1.1 GET http://localhost:29346/Users - - -
2024-07-05 16:56:15.2632|TRACE|Microsoft.AspNetCore.HostFiltering.HostFilteringMiddleware|All hosts are allowed.
2024-07-05 16:56:15.2632|DEBUG|Microsoft.AspNetCore.Routing.Matching.DfaMatcher|1 candidate(s) found for the request path '/Users'
2024-07-05 16:56:15.2632|DEBUG|Microsoft.AspNetCore.Routing.Matching.DfaMatcher|Endpoint 'ApiDevBP.Api.Controllers.UsersController.GetUsers (ApiDevBP.Api)' with route pattern 'Users' is valid for the request path '/Users'
2024-07-05 16:56:15.2632|DEBUG|Microsoft.AspNetCore.Routing.EndpointRoutingMiddleware|Request matched endpoint 'ApiDevBP.Api.Controllers.UsersController.GetUsers (ApiDevBP.Api)'
2024-07-05 16:56:15.2632|TRACE|Microsoft.AspNetCore.Routing.EndpointRoutingMiddleware|The endpoint does not specify the IRequestSizeLimitMetadata.
2024-07-05 16:56:15.2632|DEBUG|Microsoft.AspNetCore.StaticFiles.StaticFileMiddleware|Static files was skipped as the request already matched an endpoint.
2024-07-05 16:56:15.2632|INFO|Microsoft.AspNetCore.Routing.EndpointMiddleware|Executing endpoint 'ApiDevBP.Api.Controllers.UsersController.GetUsers (ApiDevBP.Api)'
2024-07-05 16:56:15.2632|INFO|Microsoft.AspNetCore.Mvc.Infrastructure.ControllerActionInvoker|Route matched with {action = "GetUsers", controller = "Users"}. Executing controller action with signature System.Threading.Tasks.Task`1[Microsoft.AspNetCore.Mvc.IActionResult] GetUsers() on controller ApiDevBP.Api.Controllers.UsersController (ApiDevBP.Api).
2024-07-05 16:56:15.2632|DEBUG|Microsoft.AspNetCore.Mvc.Infrastructure.ControllerActionInvoker|Execution plan of authorization filters (in the following order): None
2024-07-05 16:56:15.2632|DEBUG|Microsoft.AspNetCore.Mvc.Infrastructure.ControllerActionInvoker|Execution plan of resource filters (in the following order): None
2024-07-05 16:56:15.2632|DEBUG|Microsoft.AspNetCore.Mvc.Infrastructure.ControllerActionInvoker|Execution plan of action filters (in the following order): Microsoft.AspNetCore.Mvc.Filters.ControllerActionFilter (Order: -2147483648), Microsoft.AspNetCore.Mvc.ModelBinding.UnsupportedContentTypeFilter (Order: -3000), Microsoft.AspNetCore.Mvc.Infrastructure.ModelStateInvalidFilter (Order: -2000)
2024-07-05 16:56:15.2632|DEBUG|Microsoft.AspNetCore.Mvc.Infrastructure.ControllerActionInvoker|Execution plan of exception filters (in the following order): None
2024-07-05 16:56:15.2632|DEBUG|Microsoft.AspNetCore.Mvc.Infrastructure.ControllerActionInvoker|Execution plan of result filters (in the following order): Microsoft.AspNetCore.Mvc.Infrastructure.ClientErrorResultFilter (Order: -2000)
2024-07-05 16:56:15.2632|DEBUG|Microsoft.AspNetCore.Mvc.Infrastructure.ControllerActionInvoker|Executing controller factory for controller ApiDevBP.Api.Controllers.UsersController (ApiDevBP.Api)
2024-07-05 16:56:15.2776|DEBUG|Microsoft.AspNetCore.Mvc.Infrastructure.ControllerActionInvoker|Executed controller factory for controller ApiDevBP.Api.Controllers.UsersController (ApiDevBP.Api)
2024-07-05 16:56:15.2776|TRACE|Microsoft.AspNetCore.Mvc.Infrastructure.ControllerActionInvoker|Action Filter: Before executing OnActionExecutionAsync on filter Microsoft.AspNetCore.Mvc.Filters.ControllerActionFilter.
2024-07-05 16:56:15.2776|TRACE|Microsoft.AspNetCore.Mvc.Infrastructure.ControllerActionInvoker|Action Filter: Before executing OnActionExecuting on filter Microsoft.AspNetCore.Mvc.ModelBinding.UnsupportedContentTypeFilter.
2024-07-05 16:56:15.2776|TRACE|Microsoft.AspNetCore.Mvc.Infrastructure.ControllerActionInvoker|Action Filter: After executing OnActionExecuting on filter Microsoft.AspNetCore.Mvc.ModelBinding.UnsupportedContentTypeFilter.
2024-07-05 16:56:15.2776|TRACE|Microsoft.AspNetCore.Mvc.Infrastructure.ControllerActionInvoker|Action Filter: Before executing OnActionExecuting on filter Microsoft.AspNetCore.Mvc.Infrastructure.ModelStateInvalidFilter.
2024-07-05 16:56:15.2776|TRACE|Microsoft.AspNetCore.Mvc.Infrastructure.ControllerActionInvoker|Action Filter: After executing OnActionExecuting on filter Microsoft.AspNetCore.Mvc.Infrastructure.ModelStateInvalidFilter.
2024-07-05 16:56:15.2776|INFO|Microsoft.AspNetCore.Mvc.Infrastructure.ControllerActionInvoker|Executing action method ApiDevBP.Api.Controllers.UsersController.GetUsers (ApiDevBP.Api) - Validation state: Valid
2024-07-05 16:56:15.2944|INFO|Microsoft.AspNetCore.Mvc.Infrastructure.ControllerActionInvoker|Executed action method ApiDevBP.Api.Controllers.UsersController.GetUsers (ApiDevBP.Api), returned result Microsoft.AspNetCore.Mvc.OkObjectResult in 1.5884ms.
2024-07-05 16:56:15.2944|TRACE|Microsoft.AspNetCore.Mvc.Infrastructure.ControllerActionInvoker|Action Filter: Before executing OnActionExecuted on filter Microsoft.AspNetCore.Mvc.Infrastructure.ModelStateInvalidFilter.
2024-07-05 16:56:15.2944|TRACE|Microsoft.AspNetCore.Mvc.Infrastructure.ControllerActionInvoker|Action Filter: After executing OnActionExecuted on filter Microsoft.AspNetCore.Mvc.Infrastructure.ModelStateInvalidFilter.
2024-07-05 16:56:15.2944|TRACE|Microsoft.AspNetCore.Mvc.Infrastructure.ControllerActionInvoker|Action Filter: Before executing OnActionExecuted on filter Microsoft.AspNetCore.Mvc.ModelBinding.UnsupportedContentTypeFilter.
2024-07-05 16:56:15.2944|TRACE|Microsoft.AspNetCore.Mvc.Infrastructure.ControllerActionInvoker|Action Filter: After executing OnActionExecuted on filter Microsoft.AspNetCore.Mvc.ModelBinding.UnsupportedContentTypeFilter.
2024-07-05 16:56:15.2944|TRACE|Microsoft.AspNetCore.Mvc.Infrastructure.ControllerActionInvoker|Action Filter: After executing OnActionExecutionAsync on filter Microsoft.AspNetCore.Mvc.Filters.ControllerActionFilter.
2024-07-05 16:56:15.2944|TRACE|Microsoft.AspNetCore.Mvc.Infrastructure.ControllerActionInvoker|Result Filter: Before executing OnResultExecuting on filter Microsoft.AspNetCore.Mvc.Infrastructure.ClientErrorResultFilter.
2024-07-05 16:56:15.2944|TRACE|Microsoft.AspNetCore.Mvc.Infrastructure.ControllerActionInvoker|Result Filter: After executing OnResultExecuting on filter Microsoft.AspNetCore.Mvc.Infrastructure.ClientErrorResultFilter.
2024-07-05 16:56:15.2944|TRACE|Microsoft.AspNetCore.Mvc.Infrastructure.ControllerActionInvoker|Before executing action result Microsoft.AspNetCore.Mvc.OkObjectResult.
2024-07-05 16:56:15.2944|DEBUG|Microsoft.AspNetCore.Mvc.Infrastructure.DefaultOutputFormatterSelector|List of registered output formatters, in the following order: Microsoft.AspNetCore.Mvc.Formatters.HttpNoContentOutputFormatter, Microsoft.AspNetCore.Mvc.Formatters.StringOutputFormatter, Microsoft.AspNetCore.Mvc.Formatters.StreamOutputFormatter, Microsoft.AspNetCore.Mvc.Formatters.SystemTextJsonOutputFormatter
2024-07-05 16:56:15.2944|DEBUG|Microsoft.AspNetCore.Mvc.Infrastructure.DefaultOutputFormatterSelector|No information found on request to perform content negotiation.
2024-07-05 16:56:15.2944|DEBUG|Microsoft.AspNetCore.Mvc.Infrastructure.DefaultOutputFormatterSelector|Attempting to select an output formatter without using a content type as no explicit content types were specified for the response.
2024-07-05 16:56:15.2944|DEBUG|Microsoft.AspNetCore.Mvc.Infrastructure.DefaultOutputFormatterSelector|Attempting to select the first formatter in the output formatters list which can write the result.
2024-07-05 16:56:15.2944|DEBUG|Microsoft.AspNetCore.Mvc.Infrastructure.DefaultOutputFormatterSelector|Selected output formatter 'Microsoft.AspNetCore.Mvc.Formatters.SystemTextJsonOutputFormatter' and content type 'application/json' to write the response.
2024-07-05 16:56:15.2944|INFO|Microsoft.AspNetCore.Mvc.Infrastructure.ObjectResultExecutor|Executing OkObjectResult, writing value of type 'System.Collections.Generic.List`1[[ApiDevBP.Core.Domain.UserDomain, ApiDevBP.Core, Version=1.0.0.0, Culture=neutral, PublicKeyToken=null]]'.
2024-07-05 16:56:15.2944|TRACE|Microsoft.AspNetCore.Mvc.Infrastructure.ControllerActionInvoker|After executing action result Microsoft.AspNetCore.Mvc.OkObjectResult.
2024-07-05 16:56:15.2944|TRACE|Microsoft.AspNetCore.Mvc.Infrastructure.ControllerActionInvoker|Result Filter: Before executing OnResultExecuted on filter Microsoft.AspNetCore.Mvc.Infrastructure.ClientErrorResultFilter.
2024-07-05 16:56:15.2944|TRACE|Microsoft.AspNetCore.Mvc.Infrastructure.ControllerActionInvoker|Result Filter: After executing OnResultExecuted on filter Microsoft.AspNetCore.Mvc.Infrastructure.ClientErrorResultFilter.
2024-07-05 16:56:15.2944|INFO|Microsoft.AspNetCore.Mvc.Infrastructure.ControllerActionInvoker|Executed action ApiDevBP.Api.Controllers.UsersController.GetUsers (ApiDevBP.Api) in 32.6597ms
2024-07-05 16:56:15.2944|INFO|Microsoft.AspNetCore.Routing.EndpointMiddleware|Executed endpoint 'ApiDevBP.Api.Controllers.UsersController.GetUsers (ApiDevBP.Api)'
2024-07-05 16:56:15.2944|INFO|Microsoft.AspNetCore.Hosting.Diagnostics|Request finished HTTP/1.1 GET http://localhost:29346/Users - 200 - application/json;+charset=utf-8 40.2546ms
2024-07-05 17:00:11.8687|DEBUG|Microsoft.AspNetCore.Mvc.ModelBinding.ModelBinderFactory|Registered model binder providers, in the following order: Microsoft.AspNetCore.Mvc.ModelBinding.Binders.BinderTypeModelBinderProvider, Microsoft.AspNetCore.Mvc.ModelBinding.Binders.ServicesModelBinderProvider, Microsoft.AspNetCore.Mvc.ModelBinding.Binders.BodyModelBinderProvider, Microsoft.AspNetCore.Mvc.ModelBinding.Binders.HeaderModelBinderProvider, Microsoft.AspNetCore.Mvc.ModelBinding.Binders.FloatingPointTypeModelBinderProvider, Microsoft.AspNetCore.Mvc.ModelBinding.Binders.EnumTypeModelBinderProvider, Microsoft.AspNetCore.Mvc.ModelBinding.Binders.DateTimeModelBinderProvider, Microsoft.AspNetCore.Mvc.ModelBinding.Binders.SimpleTypeModelBinderProvider, Microsoft.AspNetCore.Mvc.ModelBinding.Binders.TryParseModelBinderProvider, Microsoft.AspNetCore.Mvc.ModelBinding.Binders.CancellationTokenModelBinderProvider, Microsoft.AspNetCore.Mvc.ModelBinding.Binders.ByteArrayModelBinderProvider, Microsoft.AspNetCore.Mvc.ModelBinding.Binders.FormFileModelBinderProvider, Microsoft.AspNetCore.Mvc.ModelBinding.Binders.FormCollectionModelBinderProvider, Microsoft.AspNetCore.Mvc.ModelBinding.Binders.KeyValuePairModelBinderProvider, Microsoft.AspNetCore.Mvc.ModelBinding.Binders.DictionaryModelBinderProvider, Microsoft.AspNetCore.Mvc.ModelBinding.Binders.ArrayModelBinderProvider, Microsoft.AspNetCore.Mvc.ModelBinding.Binders.CollectionModelBinderProvider, Microsoft.AspNetCore.Mvc.ModelBinding.Binders.ComplexObjectModelBinderProvider
2024-07-05 17:00:11.9405|DEBUG|Microsoft.Extensions.Hosting.Internal.Host|Hosting starting
2024-07-05 17:00:12.0470|DEBUG|Microsoft.AspNetCore.Hosting.Diagnostics|Loaded hosting startup assembly ApiDevBP.Api
2024-07-05 17:00:12.0470|DEBUG|Microsoft.AspNetCore.Hosting.Diagnostics|Loaded hosting startup assembly Microsoft.AspNetCore.Watch.BrowserRefresh
2024-07-05 17:00:12.0470|DEBUG|Microsoft.AspNetCore.Hosting.Diagnostics|Loaded hosting startup assembly Microsoft.WebTools.BrowserLink.Net
2024-07-05 17:00:12.0470|INFO|Microsoft.Hosting.Lifetime|Application started. Press Ctrl+C to shut down.
2024-07-05 17:00:12.0599|INFO|Microsoft.Hosting.Lifetime|Hosting environment: Development
2024-07-05 17:00:12.0599|INFO|Microsoft.Hosting.Lifetime|Content root path: C:\Users\Cesar\Documents\Personal Projects\ApiDevBP\ApiDevBP.Api
2024-07-05 17:00:12.0599|DEBUG|Microsoft.Extensions.Hosting.Internal.Host|Hosting started
2024-07-05 17:00:12.0853|INFO|Microsoft.AspNetCore.Hosting.Diagnostics|Request starting HTTP/1.1 GET http://localhost:29346/swagger/index.html - - -
2024-07-05 17:00:12.1912|DEBUG|Microsoft.AspNetCore.HostFiltering.HostFilteringMiddleware|Wildcard detected, all requests with hosts will be allowed.
2024-07-05 17:00:12.1912|TRACE|Microsoft.AspNetCore.HostFiltering.HostFilteringMiddleware|All hosts are allowed.
2024-07-05 17:00:12.2137|DEBUG|Microsoft.AspNetCore.Routing.Matching.DfaMatcher|No candidates found for the request path '/swagger/index.html'
2024-07-05 17:00:12.2150|DEBUG|Microsoft.AspNetCore.Routing.EndpointRoutingMiddleware|Request did not match any endpoints
2024-07-05 17:00:12.3017|DEBUG|Microsoft.WebTools.BrowserLink.Net.BrowserLinkMiddleware|Response markup is scheduled to include Browser Link script injection.
2024-07-05 17:00:12.3017|DEBUG|Microsoft.AspNetCore.Watch.BrowserRefresh.BrowserRefreshMiddleware|Response markup is scheduled to include browser refresh script injection.
2024-07-05 17:00:12.3572|DEBUG|Microsoft.WebTools.BrowserLink.Net.BrowserLinkMiddleware|Response markup was updated to include Browser Link script injection.
2024-07-05 17:00:12.3572|INFO|Microsoft.AspNetCore.Hosting.Diagnostics|Request starting HTTP/1.1 GET http://localhost:29346/_framework/aspnetcore-browser-refresh.js - - -
2024-07-05 17:00:12.3572|DEBUG|Microsoft.AspNetCore.Watch.BrowserRefresh.BrowserRefreshMiddleware|Response markup was updated to include browser refresh script injection.
2024-07-05 17:00:12.3572|INFO|Microsoft.AspNetCore.Hosting.Diagnostics|Request finished HTTP/1.1 GET http://localhost:29346/swagger/index.html - 200 - text/html;charset=utf-8 285.5098ms
2024-07-05 17:00:12.3572|INFO|Microsoft.AspNetCore.Hosting.Diagnostics|Request finished HTTP/1.1 GET http://localhost:29346/_framework/aspnetcore-browser-refresh.js - 200 13760 application/javascript;+charset=utf-8 11.0736ms
2024-07-05 17:00:12.4590|INFO|Microsoft.AspNetCore.Hosting.Diagnostics|Request starting HTTP/1.1 GET http://localhost:29346/_vs/browserLink - - -
2024-07-05 17:00:12.5354|INFO|Microsoft.AspNetCore.Hosting.Diagnostics|Request finished HTTP/1.1 GET http://localhost:29346/_vs/browserLink - 200 - text/javascript;+charset=UTF-8 79.4099ms
2024-07-05 17:00:13.0544|INFO|Microsoft.AspNetCore.Hosting.Diagnostics|Request starting HTTP/1.1 GET http://localhost:29346/swagger/v1/swagger.json - - -
2024-07-05 17:00:13.0544|TRACE|Microsoft.AspNetCore.HostFiltering.HostFilteringMiddleware|All hosts are allowed.
2024-07-05 17:00:13.0544|DEBUG|Microsoft.AspNetCore.Routing.Matching.DfaMatcher|No candidates found for the request path '/swagger/v1/swagger.json'
2024-07-05 17:00:13.0544|DEBUG|Microsoft.AspNetCore.Routing.EndpointRoutingMiddleware|Request did not match any endpoints
2024-07-05 17:00:13.1975|INFO|Microsoft.AspNetCore.Hosting.Diagnostics|Request finished HTTP/1.1 GET http://localhost:29346/swagger/v1/swagger.json - 200 - application/json;charset=utf-8 143.2070ms
2024-07-05 17:00:25.8730|INFO|Microsoft.AspNetCore.Hosting.Diagnostics|Request starting HTTP/1.1 GET http://localhost:29346/Users - - -
2024-07-05 17:00:25.8730|TRACE|Microsoft.AspNetCore.HostFiltering.HostFilteringMiddleware|All hosts are allowed.
2024-07-05 17:00:25.8730|DEBUG|Microsoft.AspNetCore.Routing.Matching.DfaMatcher|1 candidate(s) found for the request path '/Users'
2024-07-05 17:00:25.8730|DEBUG|Microsoft.AspNetCore.Routing.Matching.DfaMatcher|Endpoint 'ApiDevBP.Api.Controllers.UsersController.GetUsers (ApiDevBP.Api)' with route pattern 'Users' is valid for the request path '/Users'
2024-07-05 17:00:25.8730|DEBUG|Microsoft.AspNetCore.Routing.EndpointRoutingMiddleware|Request matched endpoint 'ApiDevBP.Api.Controllers.UsersController.GetUsers (ApiDevBP.Api)'
2024-07-05 17:00:25.8730|TRACE|Microsoft.AspNetCore.Routing.EndpointRoutingMiddleware|The endpoint does not specify the IRequestSizeLimitMetadata.
2024-07-05 17:00:25.8879|DEBUG|Microsoft.AspNetCore.StaticFiles.StaticFileMiddleware|Static files was skipped as the request already matched an endpoint.
2024-07-05 17:00:25.8879|WARN|Microsoft.AspNetCore.HttpsPolicy.HttpsRedirectionMiddleware|Failed to determine the https port for redirect.
2024-07-05 17:00:25.8879|INFO|Microsoft.AspNetCore.Routing.EndpointMiddleware|Executing endpoint 'ApiDevBP.Api.Controllers.UsersController.GetUsers (ApiDevBP.Api)'
2024-07-05 17:00:25.9107|INFO|Microsoft.AspNetCore.Mvc.Infrastructure.ControllerActionInvoker|Route matched with {action = "GetUsers", controller = "Users"}. Executing controller action with signature System.Threading.Tasks.Task`1[Microsoft.AspNetCore.Mvc.IActionResult] GetUsers() on controller ApiDevBP.Api.Controllers.UsersController (ApiDevBP.Api).
2024-07-05 17:00:25.9107|DEBUG|Microsoft.AspNetCore.Mvc.Infrastructure.ControllerActionInvoker|Execution plan of authorization filters (in the following order): None
2024-07-05 17:00:25.9107|DEBUG|Microsoft.AspNetCore.Mvc.Infrastructure.ControllerActionInvoker|Execution plan of resource filters (in the following order): None
2024-07-05 17:00:25.9107|DEBUG|Microsoft.AspNetCore.Mvc.Infrastructure.ControllerActionInvoker|Execution plan of action filters (in the following order): Microsoft.AspNetCore.Mvc.Filters.ControllerActionFilter (Order: -2147483648), Microsoft.AspNetCore.Mvc.ModelBinding.UnsupportedContentTypeFilter (Order: -3000), Microsoft.AspNetCore.Mvc.Infrastructure.ModelStateInvalidFilter (Order: -2000)
2024-07-05 17:00:25.9107|DEBUG|Microsoft.AspNetCore.Mvc.Infrastructure.ControllerActionInvoker|Execution plan of exception filters (in the following order): None
2024-07-05 17:00:25.9107|DEBUG|Microsoft.AspNetCore.Mvc.Infrastructure.ControllerActionInvoker|Execution plan of result filters (in the following order): Microsoft.AspNetCore.Mvc.Infrastructure.ClientErrorResultFilter (Order: -2000)
2024-07-05 17:00:25.9193|DEBUG|Microsoft.AspNetCore.Mvc.Infrastructure.ControllerActionInvoker|Executing controller factory for controller ApiDevBP.Api.Controllers.UsersController (ApiDevBP.Api)
2024-07-05 17:00:26.1649|DEBUG|Microsoft.AspNetCore.Mvc.Infrastructure.ControllerActionInvoker|Executed controller factory for controller ApiDevBP.Api.Controllers.UsersController (ApiDevBP.Api)
2024-07-05 17:00:26.1649|TRACE|Microsoft.AspNetCore.Mvc.Infrastructure.ControllerActionInvoker|Action Filter: Before executing OnActionExecutionAsync on filter Microsoft.AspNetCore.Mvc.Filters.ControllerActionFilter.
2024-07-05 17:00:26.1691|TRACE|Microsoft.AspNetCore.Mvc.Infrastructure.ControllerActionInvoker|Action Filter: Before executing OnActionExecuting on filter Microsoft.AspNetCore.Mvc.ModelBinding.UnsupportedContentTypeFilter.
2024-07-05 17:00:26.1691|TRACE|Microsoft.AspNetCore.Mvc.Infrastructure.ControllerActionInvoker|Action Filter: After executing OnActionExecuting on filter Microsoft.AspNetCore.Mvc.ModelBinding.UnsupportedContentTypeFilter.
2024-07-05 17:00:26.1691|TRACE|Microsoft.AspNetCore.Mvc.Infrastructure.ControllerActionInvoker|Action Filter: Before executing OnActionExecuting on filter Microsoft.AspNetCore.Mvc.Infrastructure.ModelStateInvalidFilter.
2024-07-05 17:00:26.1691|TRACE|Microsoft.AspNetCore.Mvc.Infrastructure.ControllerActionInvoker|Action Filter: After executing OnActionExecuting on filter Microsoft.AspNetCore.Mvc.Infrastructure.ModelStateInvalidFilter.
2024-07-05 17:00:26.1843|INFO|Microsoft.AspNetCore.Mvc.Infrastructure.ControllerActionInvoker|Executing action method ApiDevBP.Api.Controllers.UsersController.GetUsers (ApiDevBP.Api) - Validation state: Valid
2024-07-05 17:00:26.2005|INFO|Microsoft.AspNetCore.Mvc.Infrastructure.ControllerActionInvoker|Executed action method ApiDevBP.Api.Controllers.UsersController.GetUsers (ApiDevBP.Api), returned result Microsoft.AspNetCore.Mvc.OkObjectResult in 4.4218ms.
2024-07-05 17:00:26.2005|TRACE|Microsoft.AspNetCore.Mvc.Infrastructure.ControllerActionInvoker|Action Filter: Before executing OnActionExecuted on filter Microsoft.AspNetCore.Mvc.Infrastructure.ModelStateInvalidFilter.
2024-07-05 17:00:26.2005|TRACE|Microsoft.AspNetCore.Mvc.Infrastructure.ControllerActionInvoker|Action Filter: After executing OnActionExecuted on filter Microsoft.AspNetCore.Mvc.Infrastructure.ModelStateInvalidFilter.
2024-07-05 17:00:26.2005|TRACE|Microsoft.AspNetCore.Mvc.Infrastructure.ControllerActionInvoker|Action Filter: Before executing OnActionExecuted on filter Microsoft.AspNetCore.Mvc.ModelBinding.UnsupportedContentTypeFilter.
2024-07-05 17:00:26.2005|TRACE|Microsoft.AspNetCore.Mvc.Infrastructure.ControllerActionInvoker|Action Filter: After executing OnActionExecuted on filter Microsoft.AspNetCore.Mvc.ModelBinding.UnsupportedContentTypeFilter.
2024-07-05 17:00:26.2005|TRACE|Microsoft.AspNetCore.Mvc.Infrastructure.ControllerActionInvoker|Action Filter: After executing OnActionExecutionAsync on filter Microsoft.AspNetCore.Mvc.Filters.ControllerActionFilter.
2024-07-05 17:00:26.2005|TRACE|Microsoft.AspNetCore.Mvc.Infrastructure.ControllerActionInvoker|Result Filter: Before executing OnResultExecuting on filter Microsoft.AspNetCore.Mvc.Infrastructure.ClientErrorResultFilter.
2024-07-05 17:00:26.2152|TRACE|Microsoft.AspNetCore.Mvc.Infrastructure.ControllerActionInvoker|Result Filter: After executing OnResultExecuting on filter Microsoft.AspNetCore.Mvc.Infrastructure.ClientErrorResultFilter.
2024-07-05 17:00:26.2152|TRACE|Microsoft.AspNetCore.Mvc.Infrastructure.ControllerActionInvoker|Before executing action result Microsoft.AspNetCore.Mvc.OkObjectResult.
2024-07-05 17:00:26.2152|DEBUG|Microsoft.AspNetCore.Mvc.Infrastructure.DefaultOutputFormatterSelector|List of registered output formatters, in the following order: Microsoft.AspNetCore.Mvc.Formatters.HttpNoContentOutputFormatter, Microsoft.AspNetCore.Mvc.Formatters.StringOutputFormatter, Microsoft.AspNetCore.Mvc.Formatters.StreamOutputFormatter, Microsoft.AspNetCore.Mvc.Formatters.SystemTextJsonOutputFormatter
2024-07-05 17:00:26.2152|DEBUG|Microsoft.AspNetCore.Mvc.Infrastructure.DefaultOutputFormatterSelector|No information found on request to perform content negotiation.
2024-07-05 17:00:26.2152|DEBUG|Microsoft.AspNetCore.Mvc.Infrastructure.DefaultOutputFormatterSelector|Attempting to select an output formatter without using a content type as no explicit content types were specified for the response.
2024-07-05 17:00:26.2152|DEBUG|Microsoft.AspNetCore.Mvc.Infrastructure.DefaultOutputFormatterSelector|Attempting to select the first formatter in the output formatters list which can write the result.
2024-07-05 17:00:26.2152|DEBUG|Microsoft.AspNetCore.Mvc.Infrastructure.DefaultOutputFormatterSelector|Selected output formatter 'Microsoft.AspNetCore.Mvc.Formatters.SystemTextJsonOutputFormatter' and content type 'application/json' to write the response.
2024-07-05 17:00:26.2152|INFO|Microsoft.AspNetCore.Mvc.Infrastructure.ObjectResultExecutor|Executing OkObjectResult, writing value of type 'System.Collections.Generic.List`1[[ApiDevBP.Core.Domain.UserDomain, ApiDevBP.Core, Version=1.0.0.0, Culture=neutral, PublicKeyToken=null]]'.
2024-07-05 17:00:26.2394|TRACE|Microsoft.AspNetCore.Mvc.Infrastructure.ControllerActionInvoker|After executing action result Microsoft.AspNetCore.Mvc.OkObjectResult.
2024-07-05 17:00:26.2394|TRACE|Microsoft.AspNetCore.Mvc.Infrastructure.ControllerActionInvoker|Result Filter: Before executing OnResultExecuted on filter Microsoft.AspNetCore.Mvc.Infrastructure.ClientErrorResultFilter.
2024-07-05 17:00:26.2471|TRACE|Microsoft.AspNetCore.Mvc.Infrastructure.ControllerActionInvoker|Result Filter: After executing OnResultExecuted on filter Microsoft.AspNetCore.Mvc.Infrastructure.ClientErrorResultFilter.
2024-07-05 17:00:26.2471|INFO|Microsoft.AspNetCore.Mvc.Infrastructure.ControllerActionInvoker|Executed action ApiDevBP.Api.Controllers.UsersController.GetUsers (ApiDevBP.Api) in 333.1298ms
2024-07-05 17:00:26.2471|INFO|Microsoft.AspNetCore.Routing.EndpointMiddleware|Executed endpoint 'ApiDevBP.Api.Controllers.UsersController.GetUsers (ApiDevBP.Api)'
2024-07-05 17:00:26.2645|INFO|Microsoft.AspNetCore.Hosting.Diagnostics|Request finished HTTP/1.1 GET http://localhost:29346/Users - 200 - application/json;+charset=utf-8 391.2705ms
2024-07-05 17:01:09.3922|INFO|Microsoft.AspNetCore.Hosting.Diagnostics|Request starting HTTP/1.1 DELETE http://localhost:29346/Users/5 - - -
2024-07-05 17:01:09.3922|TRACE|Microsoft.AspNetCore.HostFiltering.HostFilteringMiddleware|All hosts are allowed.
2024-07-05 17:01:09.3922|DEBUG|Microsoft.AspNetCore.Routing.Matching.DfaMatcher|1 candidate(s) found for the request path '/Users/5'
2024-07-05 17:01:09.4039|DEBUG|Microsoft.AspNetCore.Routing.Matching.DfaMatcher|Endpoint 'ApiDevBP.Api.Controllers.UsersController.DeleteUser (ApiDevBP.Api)' with route pattern 'Users/{id}' is valid for the request path '/Users/5'
2024-07-05 17:01:09.4039|DEBUG|Microsoft.AspNetCore.Routing.EndpointRoutingMiddleware|Request matched endpoint 'ApiDevBP.Api.Controllers.UsersController.DeleteUser (ApiDevBP.Api)'
2024-07-05 17:01:09.4039|TRACE|Microsoft.AspNetCore.Routing.EndpointRoutingMiddleware|The endpoint does not specify the IRequestSizeLimitMetadata.
2024-07-05 17:01:09.4039|DEBUG|Microsoft.AspNetCore.StaticFiles.StaticFileMiddleware|Static files was skipped as the request already matched an endpoint.
2024-07-05 17:01:09.4393|DEBUG|Microsoft.AspNetCore.Cors.Infrastructure.CorsService|The request has an origin header: 'http://localhost:29346'.
2024-07-05 17:01:09.4393|INFO|Microsoft.AspNetCore.Cors.Infrastructure.CorsService|CORS policy execution successful.
2024-07-05 17:01:09.4393|INFO|Microsoft.AspNetCore.Routing.EndpointMiddleware|Executing endpoint 'ApiDevBP.Api.Controllers.UsersController.DeleteUser (ApiDevBP.Api)'
2024-07-05 17:01:09.4579|INFO|Microsoft.AspNetCore.Mvc.Infrastructure.ControllerActionInvoker|Route matched with {action = "DeleteUser", controller = "Users"}. Executing controller action with signature System.Threading.Tasks.Task`1[Microsoft.AspNetCore.Mvc.IActionResult] DeleteUser(Int32) on controller ApiDevBP.Api.Controllers.UsersController (ApiDevBP.Api).
2024-07-05 17:01:09.4579|DEBUG|Microsoft.AspNetCore.Mvc.Infrastructure.ControllerActionInvoker|Execution plan of authorization filters (in the following order): None
2024-07-05 17:01:09.4579|DEBUG|Microsoft.AspNetCore.Mvc.Infrastructure.ControllerActionInvoker|Execution plan of resource filters (in the following order): None
2024-07-05 17:01:09.4579|DEBUG|Microsoft.AspNetCore.Mvc.Infrastructure.ControllerActionInvoker|Execution plan of action filters (in the following order): Microsoft.AspNetCore.Mvc.Filters.ControllerActionFilter (Order: -2147483648), Microsoft.AspNetCore.Mvc.ModelBinding.UnsupportedContentTypeFilter (Order: -3000), Microsoft.AspNetCore.Mvc.Infrastructure.ModelStateInvalidFilter (Order: -2000)
2024-07-05 17:01:09.4579|DEBUG|Microsoft.AspNetCore.Mvc.Infrastructure.ControllerActionInvoker|Execution plan of exception filters (in the following order): None
2024-07-05 17:01:09.4579|DEBUG|Microsoft.AspNetCore.Mvc.Infrastructure.ControllerActionInvoker|Execution plan of result filters (in the following order): Microsoft.AspNetCore.Mvc.Infrastructure.ClientErrorResultFilter (Order: -2000)
2024-07-05 17:01:09.4579|DEBUG|Microsoft.AspNetCore.Mvc.Infrastructure.ControllerActionInvoker|Executing controller factory for controller ApiDevBP.Api.Controllers.UsersController (ApiDevBP.Api)
2024-07-05 17:01:09.4658|DEBUG|Microsoft.AspNetCore.Mvc.Infrastructure.ControllerActionInvoker|Executed controller factory for controller ApiDevBP.Api.Controllers.UsersController (ApiDevBP.Api)
2024-07-05 17:01:09.4658|DEBUG|Microsoft.AspNetCore.Mvc.ModelBinding.ParameterBinder|Attempting to bind parameter 'id' of type 'System.Int32' ...
2024-07-05 17:01:09.4658|DEBUG|Microsoft.AspNetCore.Mvc.ModelBinding.Binders.SimpleTypeModelBinder|Attempting to bind parameter 'id' of type 'System.Int32' using the name 'id' in request data ...
2024-07-05 17:01:09.4658|DEBUG|Microsoft.AspNetCore.Mvc.ModelBinding.Binders.SimpleTypeModelBinder|Done attempting to bind parameter 'id' of type 'System.Int32'.
2024-07-05 17:01:09.4658|DEBUG|Microsoft.AspNetCore.Mvc.ModelBinding.ParameterBinder|Done attempting to bind parameter 'id' of type 'System.Int32'.
2024-07-05 17:01:09.4658|DEBUG|Microsoft.AspNetCore.Mvc.ModelBinding.ParameterBinder|Attempting to validate the bound parameter 'id' of type 'System.Int32' ...
2024-07-05 17:01:09.4817|DEBUG|Microsoft.AspNetCore.Mvc.ModelBinding.ParameterBinder|Done attempting to validate the bound parameter 'id' of type 'System.Int32'.
2024-07-05 17:01:09.4817|TRACE|Microsoft.AspNetCore.Mvc.Infrastructure.ControllerActionInvoker|Action Filter: Before executing OnActionExecutionAsync on filter Microsoft.AspNetCore.Mvc.Filters.ControllerActionFilter.
2024-07-05 17:01:09.4817|TRACE|Microsoft.AspNetCore.Mvc.Infrastructure.ControllerActionInvoker|Action Filter: Before executing OnActionExecuting on filter Microsoft.AspNetCore.Mvc.ModelBinding.UnsupportedContentTypeFilter.
2024-07-05 17:01:09.4817|TRACE|Microsoft.AspNetCore.Mvc.Infrastructure.ControllerActionInvoker|Action Filter: After executing OnActionExecuting on filter Microsoft.AspNetCore.Mvc.ModelBinding.UnsupportedContentTypeFilter.
2024-07-05 17:01:09.4817|TRACE|Microsoft.AspNetCore.Mvc.Infrastructure.ControllerActionInvoker|Action Filter: Before executing OnActionExecuting on filter Microsoft.AspNetCore.Mvc.Infrastructure.ModelStateInvalidFilter.
2024-07-05 17:01:09.4817|TRACE|Microsoft.AspNetCore.Mvc.Infrastructure.ControllerActionInvoker|Action Filter: After executing OnActionExecuting on filter Microsoft.AspNetCore.Mvc.Infrastructure.ModelStateInvalidFilter.
2024-07-05 17:01:09.4817|INFO|Microsoft.AspNetCore.Mvc.Infrastructure.ControllerActionInvoker|Executing action method ApiDevBP.Api.Controllers.UsersController.DeleteUser (ApiDevBP.Api) - Validation state: Valid
2024-07-05 17:01:09.4817|TRACE|Microsoft.AspNetCore.Mvc.Infrastructure.ControllerActionInvoker|Executing action method ApiDevBP.Api.Controllers.UsersController.DeleteUser (ApiDevBP.Api) with arguments (5)
2024-07-05 17:01:09.4994|INFO|Microsoft.AspNetCore.Mvc.Infrastructure.ControllerActionInvoker|Executed action method ApiDevBP.Api.Controllers.UsersController.DeleteUser (ApiDevBP.Api), returned result Microsoft.AspNetCore.Mvc.OkObjectResult in 7.9ms.
2024-07-05 17:01:09.4994|TRACE|Microsoft.AspNetCore.Mvc.Infrastructure.ControllerActionInvoker|Action Filter: Before executing OnActionExecuted on filter Microsoft.AspNetCore.Mvc.Infrastructure.ModelStateInvalidFilter.
2024-07-05 17:01:09.4994|TRACE|Microsoft.AspNetCore.Mvc.Infrastructure.ControllerActionInvoker|Action Filter: After executing OnActionExecuted on filter Microsoft.AspNetCore.Mvc.Infrastructure.ModelStateInvalidFilter.
2024-07-05 17:01:09.4994|TRACE|Microsoft.AspNetCore.Mvc.Infrastructure.ControllerActionInvoker|Action Filter: Before executing OnActionExecuted on filter Microsoft.AspNetCore.Mvc.ModelBinding.UnsupportedContentTypeFilter.
2024-07-05 17:01:09.4994|TRACE|Microsoft.AspNetCore.Mvc.Infrastructure.ControllerActionInvoker|Action Filter: After executing OnActionExecuted on filter Microsoft.AspNetCore.Mvc.ModelBinding.UnsupportedContentTypeFilter.
2024-07-05 17:01:09.4994|TRACE|Microsoft.AspNetCore.Mvc.Infrastructure.ControllerActionInvoker|Action Filter: After executing OnActionExecutionAsync on filter Microsoft.AspNetCore.Mvc.Filters.ControllerActionFilter.
2024-07-05 17:01:09.4994|TRACE|Microsoft.AspNetCore.Mvc.Infrastructure.ControllerActionInvoker|Result Filter: Before executing OnResultExecuting on filter Microsoft.AspNetCore.Mvc.Infrastructure.ClientErrorResultFilter.
2024-07-05 17:01:09.4994|TRACE|Microsoft.AspNetCore.Mvc.Infrastructure.ControllerActionInvoker|Result Filter: After executing OnResultExecuting on filter Microsoft.AspNetCore.Mvc.Infrastructure.ClientErrorResultFilter.
2024-07-05 17:01:09.4994|TRACE|Microsoft.AspNetCore.Mvc.Infrastructure.ControllerActionInvoker|Before executing action result Microsoft.AspNetCore.Mvc.OkObjectResult.
2024-07-05 17:01:09.4994|DEBUG|Microsoft.AspNetCore.Mvc.Infrastructure.DefaultOutputFormatterSelector|List of registered output formatters, in the following order: Microsoft.AspNetCore.Mvc.Formatters.HttpNoContentOutputFormatter, Microsoft.AspNetCore.Mvc.Formatters.StringOutputFormatter, Microsoft.AspNetCore.Mvc.Formatters.StreamOutputFormatter, Microsoft.AspNetCore.Mvc.Formatters.SystemTextJsonOutputFormatter
2024-07-05 17:01:09.4994|DEBUG|Microsoft.AspNetCore.Mvc.Infrastructure.DefaultOutputFormatterSelector|No information found on request to perform content negotiation.
2024-07-05 17:01:09.4994|DEBUG|Microsoft.AspNetCore.Mvc.Infrastructure.DefaultOutputFormatterSelector|Attempting to select an output formatter without using a content type as no explicit content types were specified for the response.
2024-07-05 17:01:09.4994|DEBUG|Microsoft.AspNetCore.Mvc.Infrastructure.DefaultOutputFormatterSelector|Attempting to select the first formatter in the output formatters list which can write the result.
2024-07-05 17:01:09.4994|DEBUG|Microsoft.AspNetCore.Mvc.Infrastructure.DefaultOutputFormatterSelector|Selected output formatter 'Microsoft.AspNetCore.Mvc.Formatters.SystemTextJsonOutputFormatter' and content type 'application/json' to write the response.
2024-07-05 17:01:09.4994|INFO|Microsoft.AspNetCore.Mvc.Infrastructure.ObjectResultExecutor|Executing OkObjectResult, writing value of type 'ApiDevBP.Core.Domain.UserDomain'.
2024-07-05 17:01:09.5123|TRACE|Microsoft.AspNetCore.Mvc.Infrastructure.ControllerActionInvoker|After executing action result Microsoft.AspNetCore.Mvc.OkObjectResult.
2024-07-05 17:01:09.5123|TRACE|Microsoft.AspNetCore.Mvc.Infrastructure.ControllerActionInvoker|Result Filter: Before executing OnResultExecuted on filter Microsoft.AspNetCore.Mvc.Infrastructure.ClientErrorResultFilter.
2024-07-05 17:01:09.5123|TRACE|Microsoft.AspNetCore.Mvc.Infrastructure.ControllerActionInvoker|Result Filter: After executing OnResultExecuted on filter Microsoft.AspNetCore.Mvc.Infrastructure.ClientErrorResultFilter.
2024-07-05 17:01:09.5123|INFO|Microsoft.AspNetCore.Mvc.Infrastructure.ControllerActionInvoker|Executed action ApiDevBP.Api.Controllers.UsersController.DeleteUser (ApiDevBP.Api) in 52.0044ms
2024-07-05 17:01:09.5123|INFO|Microsoft.AspNetCore.Routing.EndpointMiddleware|Executed endpoint 'ApiDevBP.Api.Controllers.UsersController.DeleteUser (ApiDevBP.Api)'
2024-07-05 17:01:09.5123|INFO|Microsoft.AspNetCore.Hosting.Diagnostics|Request finished HTTP/1.1 DELETE http://localhost:29346/Users/5 - 200 - application/json;+charset=utf-8 126.3604ms
